0 verbose cli /opt/homebrew/Cellar/node/25.2.1/bin/node /opt/homebrew/bin/npm
1 info using npm@11.8.0
2 info using node@v25.2.1
3 silly config load:file:/opt/homebrew/lib/node_modules/npm/npmrc
4 silly config load:file:/Users/yannainghtwe/Documents/creation/social-media-platform/mobile/.npmrc
5 silly config load:file:/Users/yannainghtwe/.npmrc
6 silly config load:file:/opt/homebrew/etc/npmrc
7 verbose title npm install @types/react-native
8 verbose argv "install" "--cache" ".npm-cache" "--save-dev" "@types/react-native"
9 verbose logfile logs-max:10 dir:/Users/yannainghtwe/Documents/creation/social-media-platform/mobile/.npm-cache/_logs/2026-02-10T13_59_30_087Z-
10 verbose logfile /Users/yannainghtwe/Documents/creation/social-media-platform/mobile/.npm-cache/_logs/2026-02-10T13_59_30_087Z-debug-0.log
11 silly logfile done cleaning log files
12 silly packumentCache heap:4496293888 maxSize:1124073472 maxEntrySize:562036736
13 silly idealTree buildDeps
14 silly fetch manifest @types/react-native@*
15 silly packumentCache full:https://registry.npmjs.org/@types%2freact-native cache-miss
16 http fetch GET 200 https://registry.npmjs.org/@types%2freact-native 241ms (cache miss)
17 silly packumentCache full:https://registry.npmjs.org/@types%2freact-native set size:undefined disposed:false
18 silly placeDep ROOT @types/react-native@0.72.8 OK for: social-media-app@1.0.0 want: *
19 silly fetch manifest @react-native/virtualized-lists@^0.72.4
20 silly packumentCache full:https://registry.npmjs.org/@react-native%2fvirtualized-lists cache-miss
21 http fetch GET 200 https://registry.npmjs.org/@react-native%2fvirtualized-lists 390ms (cache revalidated)
22 silly packumentCache full:https://registry.npmjs.org/@react-native%2fvirtualized-lists set size:2081862 disposed:false
23 silly fetch manifest react-native@*
24 silly packumentCache full:https://registry.npmjs.org/react-native cache-miss
25 http fetch GET 200 https://registry.npmjs.org/react-native 64ms (cache revalidated)
26 silly packumentCache full:https://registry.npmjs.org/react-native set size:14813263 disposed:false
27 silly fetch manifest @types/react@*
28 silly packumentCache full:https://registry.npmjs.org/@types%2freact cache-miss
29 http fetch GET 200 https://registry.npmjs.org/@types%2freact 113ms (cache revalidated)
30 silly packumentCache full:https://registry.npmjs.org/@types%2freact set size:2584421 disposed:false
31 silly fetch manifest react@^19.2.0
32 silly packumentCache full:https://registry.npmjs.org/react cache-miss
33 http fetch GET 200 https://registry.npmjs.org/react 44ms (cache revalidated)
34 silly packumentCache full:https://registry.npmjs.org/react set size:6476419 disposed:false
35 silly placeDep node_modules/@types/react-native @react-native/virtualized-lists@0.72.8 OK for: @types/react-native@0.72.8 want: ^0.72.4
36 silly reify moves {}
37 silly audit bulk request {
37 silly audit   '@apollo/client': [ '3.14.0' ],
37 silly audit   '@babel/code-frame': [ '7.29.0', '7.10.4' ],
37 silly audit   '@babel/compat-data': [ '7.29.0' ],
37 silly audit   '@babel/core': [ '7.29.0' ],
37 silly audit   '@babel/generator': [ '7.29.1' ],
37 silly audit   '@babel/helper-annotate-as-pure': [ '7.27.3' ],
37 silly audit   '@babel/helper-compilation-targets': [ '7.28.6' ],
37 silly audit   '@babel/helper-create-class-features-plugin': [ '7.28.6' ],
37 silly audit   '@babel/helper-create-regexp-features-plugin': [ '7.28.5' ],
37 silly audit   '@babel/helper-define-polyfill-provider': [ '0.6.6' ],
37 silly audit   '@babel/helper-environment-visitor': [ '7.24.7' ],
37 silly audit   '@babel/helper-globals': [ '7.28.0' ],
37 silly audit   '@babel/helper-member-expression-to-functions': [ '7.28.5' ],
37 silly audit   '@babel/helper-module-imports': [ '7.28.6' ],
37 silly audit   '@babel/helper-module-transforms': [ '7.28.6' ],
37 silly audit   '@babel/helper-optimise-call-expression': [ '7.27.1' ],
37 silly audit   '@babel/helper-plugin-utils': [ '7.28.6' ],
37 silly audit   '@babel/helper-remap-async-to-generator': [ '7.27.1' ],
37 silly audit   '@babel/helper-replace-supers': [ '7.28.6' ],
37 silly audit   '@babel/helper-skip-transparent-expression-wrappers': [ '7.27.1' ],
37 silly audit   '@babel/helper-string-parser': [ '7.27.1' ],
37 silly audit   '@babel/helper-validator-identifier': [ '7.28.5' ],
37 silly audit   '@babel/helper-validator-option': [ '7.27.1' ],
37 silly audit   '@babel/helper-wrap-function': [ '7.28.6' ],
37 silly audit   '@babel/helpers': [ '7.28.6' ],
37 silly audit   '@babel/highlight': [ '7.25.9' ],
37 silly audit   'ansi-styles': [ '3.2.1', '4.3.0', '5.2.0' ],
37 silly audit   chalk: [ '2.4.2', '4.1.2' ],
37 silly audit   'color-convert': [ '1.9.3', '2.0.1' ],
37 silly audit   'color-name': [ '1.1.3', '1.1.4' ],
37 silly audit   'escape-string-regexp': [ '1.0.5', '4.0.0', '2.0.0' ],
37 silly audit   'has-flag': [ '3.0.0', '4.0.0' ],
37 silly audit   'supports-color': [ '5.5.0', '8.1.1', '7.2.0' ],
37 silly audit   '@babel/parser': [ '7.29.0' ],
37 silly audit   '@babel/plugin-bugfix-firefox-class-in-computed-class-key': [ '7.28.5' ],
37 silly audit   '@babel/plugin-bugfix-safari-class-field-initializer-scope': [ '7.27.1' ],
37 silly audit   '@babel/plugin-bugfix-safari-id-destructuring-collision-in-function-expression': [ '7.27.1' ],
37 silly audit   '@babel/plugin-bugfix-v8-spread-parameters-in-optional-chaining': [ '7.27.1' ],
37 silly audit   '@babel/plugin-bugfix-v8-static-class-fields-redefine-readonly': [ '7.28.6' ],
37 silly audit   '@babel/plugin-proposal-async-generator-functions': [ '7.20.7' ],
37 silly audit   '@babel/plugin-proposal-class-properties': [ '7.18.6' ],
37 silly audit   '@babel/plugin-proposal-decorators': [ '7.29.0' ],
37 silly audit   '@babel/plugin-proposal-export-default-from': [ '7.27.1' ],
37 silly audit   '@babel/plugin-proposal-nullish-coalescing-operator': [ '7.18.6' ],
37 silly audit   '@babel/plugin-proposal-numeric-separator': [ '7.18.6' ],
37 silly audit   '@babel/plugin-proposal-object-rest-spread': [ '7.20.7' ],
37 silly audit   '@babel/plugin-proposal-optional-catch-binding': [ '7.18.6' ],
37 silly audit   '@babel/plugin-proposal-optional-chaining': [ '7.21.0' ],
37 silly audit   '@babel/plugin-proposal-private-property-in-object': [ '7.21.0-placeholder-for-preset-env.2' ],
37 silly audit   '@babel/plugin-syntax-async-generators': [ '7.8.4' ],
37 silly audit   '@babel/plugin-syntax-class-properties': [ '7.12.13' ],
37 silly audit   '@babel/plugin-syntax-decorators': [ '7.28.6' ],
37 silly audit   '@babel/plugin-syntax-dynamic-import': [ '7.8.3' ],
37 silly audit   '@babel/plugin-syntax-export-default-from': [ '7.28.6' ],
37 silly audit   '@babel/plugin-syntax-flow': [ '7.28.6' ],
37 silly audit   '@babel/plugin-syntax-import-assertions': [ '7.28.6' ],
37 silly audit   '@babel/plugin-syntax-import-attributes': [ '7.28.6' ],
37 silly audit   '@babel/plugin-syntax-jsx': [ '7.28.6' ],
37 silly audit   '@babel/plugin-syntax-nullish-coalescing-operator': [ '7.8.3' ],
37 silly audit   '@babel/plugin-syntax-numeric-separator': [ '7.10.4' ],
37 silly audit   '@babel/plugin-syntax-object-rest-spread': [ '7.8.3' ],
37 silly audit   '@babel/plugin-syntax-optional-catch-binding': [ '7.8.3' ],
37 silly audit   '@babel/plugin-syntax-optional-chaining': [ '7.8.3' ],
37 silly audit   '@babel/plugin-syntax-typescript': [ '7.28.6' ],
37 silly audit   '@babel/plugin-syntax-unicode-sets-regex': [ '7.18.6' ],
37 silly audit   '@babel/plugin-transform-arrow-functions': [ '7.27.1' ],
37 silly audit   '@babel/plugin-transform-async-generator-functions': [ '7.29.0' ],
37 silly audit   '@babel/plugin-transform-async-to-generator': [ '7.28.6' ],
37 silly audit   '@babel/plugin-transform-block-scoped-functions': [ '7.27.1' ],
37 silly audit   '@babel/plugin-transform-block-scoping': [ '7.28.6' ],
37 silly audit   '@babel/plugin-transform-class-properties': [ '7.28.6' ],
37 silly audit   '@babel/plugin-transform-class-static-block': [ '7.28.6' ],
37 silly audit   '@babel/plugin-transform-classes': [ '7.28.6' ],
37 silly audit   '@babel/plugin-transform-computed-properties': [ '7.28.6' ],
37 silly audit   '@babel/plugin-transform-destructuring': [ '7.28.5' ],
37 silly audit   '@babel/plugin-transform-dotall-regex': [ '7.28.6' ],
37 silly audit   '@babel/plugin-transform-duplicate-keys': [ '7.27.1' ],
37 silly audit   '@babel/plugin-transform-duplicate-named-capturing-groups-regex': [ '7.29.0' ],
37 silly audit   '@babel/plugin-transform-dynamic-import': [ '7.27.1' ],
37 silly audit   '@babel/plugin-transform-explicit-resource-management': [ '7.28.6' ],
37 silly audit   '@babel/plugin-transform-exponentiation-operator': [ '7.28.6' ],
37 silly audit   '@babel/plugin-transform-export-namespace-from': [ '7.27.1' ],
37 silly audit   '@babel/plugin-transform-flow-strip-types': [ '7.27.1' ],
37 silly audit   '@babel/plugin-transform-for-of': [ '7.27.1' ],
37 silly audit   '@babel/plugin-transform-function-name': [ '7.27.1' ],
37 silly audit   '@babel/plugin-transform-json-strings': [ '7.28.6' ],
37 silly audit   '@babel/plugin-transform-literals': [ '7.27.1' ],
37 silly audit   '@babel/plugin-transform-logical-assignment-operators': [ '7.28.6' ],
37 silly audit   '@babel/plugin-transform-member-expression-literals': [ '7.27.1' ],
37 silly audit   '@babel/plugin-transform-modules-amd': [ '7.27.1' ],
37 silly audit   '@babel/plugin-transform-modules-commonjs': [ '7.28.6' ],
37 silly audit   '@babel/plugin-transform-modules-systemjs': [ '7.29.0' ],
37 silly audit   '@babel/plugin-transform-modules-umd': [ '7.27.1' ],
37 silly audit   '@babel/plugin-transform-named-capturing-groups-regex': [ '7.29.0' ],
37 silly audit   '@babel/plugin-transform-new-target': [ '7.27.1' ],
37 silly audit   '@babel/plugin-transform-nullish-coalescing-operator': [ '7.28.6' ],
37 silly audit   '@babel/plugin-transform-numeric-separator': [ '7.28.6' ],
37 silly audit   '@babel/plugin-transform-object-rest-spread': [ '7.28.6' ],
37 silly audit   '@babel/plugin-transform-object-super': [ '7.27.1' ],
37 silly audit   '@babel/plugin-transform-optional-catch-binding': [ '7.28.6' ],
37 silly audit   '@babel/plugin-transform-optional-chaining': [ '7.28.6' ],
37 silly audit   '@babel/plugin-transform-parameters': [ '7.27.7' ],
37 silly audit   '@babel/plugin-transform-private-methods': [ '7.28.6' ],
37 silly audit   '@babel/plugin-transform-private-property-in-object': [ '7.28.6' ],
37 silly audit   '@babel/plugin-transform-property-literals': [ '7.27.1' ],
37 silly audit   '@babel/plugin-transform-react-display-name': [ '7.28.0' ],
37 silly audit   '@babel/plugin-transform-react-jsx': [ '7.28.6' ],
37 silly audit   '@babel/plugin-transform-react-jsx-development': [ '7.27.1' ],
37 silly audit   '@babel/plugin-transform-react-jsx-self': [ '7.27.1' ],
37 silly audit   '@babel/plugin-transform-react-jsx-source': [ '7.27.1' ],
37 silly audit   '@babel/plugin-transform-react-pure-annotations': [ '7.27.1' ],
37 silly audit   '@babel/plugin-transform-regenerator': [ '7.29.0' ],
37 silly audit   '@babel/plugin-transform-regexp-modifiers': [ '7.28.6' ],
37 silly audit   '@babel/plugin-transform-reserved-words': [ '7.27.1' ],
37 silly audit   '@babel/plugin-transform-runtime': [ '7.29.0' ],
37 silly audit   '@babel/plugin-transform-shorthand-properties': [ '7.27.1' ],
37 silly audit   '@babel/plugin-transform-spread': [ '7.28.6' ],
37 silly audit   '@babel/plugin-transform-sticky-regex': [ '7.27.1' ],
37 silly audit   '@babel/plugin-transform-template-literals': [ '7.27.1' ],
37 silly audit   '@babel/plugin-transform-typeof-symbol': [ '7.27.1' ],
37 silly audit   '@babel/plugin-transform-typescript': [ '7.28.6' ],
37 silly audit   '@babel/plugin-transform-unicode-escapes': [ '7.27.1' ],
37 silly audit   '@babel/plugin-transform-unicode-property-regex': [ '7.28.6' ],
37 silly audit   '@babel/plugin-transform-unicode-regex': [ '7.27.1' ],
37 silly audit   '@babel/plugin-transform-unicode-sets-regex': [ '7.28.6' ],
37 silly audit   '@babel/preset-env': [ '7.29.0' ],
37 silly audit   'babel-plugin-polyfill-corejs3': [ '0.14.0', '0.13.0' ],
37 silly audit   '@babel/preset-flow': [ '7.27.1' ],
37 silly audit   '@babel/preset-modules': [ '0.1.6-no-external-plugins' ],
37 silly audit   '@babel/preset-react': [ '7.28.5' ],
37 silly audit   '@babel/preset-typescript': [ '7.28.5' ],
37 silly audit   '@babel/register': [ '7.28.6' ],
37 silly audit   '@babel/runtime': [ '7.28.6' ],
37 silly audit   '@babel/template': [ '7.28.6' ],
37 silly audit   '@babel/traverse': [ '7.29.0' ],
37 silly audit   '@babel/types': [ '7.29.0' ],
37 silly audit   '@expo/bunyan': [ '4.0.1' ],
37 silly audit   '@expo/cli': [ '0.17.13' ],
37 silly audit   '@urql/exchange-retry': [ '0.3.0' ],
37 silly audit   graphql: [ '15.8.0', '16.12.0' ],
37 silly audit   semver: [ '7.7.4', '7.5.3', '7.3.2', '5.7.2', '6.3.1' ],
37 silly audit   '@expo/code-signing-certificates': [ '0.0.5' ],
37 silly audit   '@expo/config': [ '8.5.6' ],
37 silly audit   '@expo/config-plugins': [ '7.9.2' ],
37 silly audit   glob: [ '7.1.6', '7.2.3' ],
37 silly audit   '@expo/config-types': [ '50.0.1' ],
37 silly audit   'lru-cache': [ '6.0.0', '10.4.3', '5.1.1' ],
37 silly audit   yallist: [ '4.0.0', '3.1.1' ],
37 silly audit   '@expo/devcert': [ '1.2.1' ],
37 silly audit   debug: [ '3.2.7', '2.6.9', '4.4.3' ],
37 silly audit   '@expo/env': [ '0.2.3' ],
37 silly audit   '@expo/fingerprint': [ '0.6.1' ],
37 silly audit   '@expo/image-utils': [ '0.4.2' ],
37 silly audit   'crypto-random-string': [ '1.0.0', '2.0.0' ],
37 silly audit   'fs-extra': [ '9.0.0', '9.1.0', '8.1.0' ],
37 silly audit   jsonfile: [ '6.2.0', '4.0.0' ],
37 silly audit   universalify: [ '2.0.1', '1.0.0', '0.1.2' ],
37 silly audit   'temp-dir': [ '1.0.0', '2.0.0' ],
37 silly audit   tempy: [ '0.3.0', '0.7.1' ],
37 silly audit   'type-fest': [ '0.3.1', '0.21.3', '0.16.0', '0.7.1' ],
37 silly audit   'unique-string': [ '1.0.0', '2.0.0' ],
37 silly audit   '@expo/json-file': [ '8.3.3', '10.0.8' ],
37 silly audit   '@expo/metro-config': [ '0.17.8' ],
37 silly audit   '@expo/spawn-async': [ '1.7.2', '1.5.0' ],
37 silly audit   'cross-spawn': [ '7.0.6', '6.0.6' ],
37 silly audit   'path-key': [ '3.1.1', '2.0.1' ],
37 silly audit   'shebang-command': [ '2.0.0', '1.2.0' ],
37 silly audit   'shebang-regex': [ '3.0.0', '1.0.0' ],
37 silly audit   which: [ '2.0.2', '1.3.1' ],
37 silly audit   '@expo/osascript': [ '2.3.8' ],
37 silly audit   '@expo/package-manager': [ '1.9.10' ],
37 silly audit   'hosted-git-info': [ '7.0.2', '3.0.8' ],
37 silly audit   'npm-package-arg': [ '11.0.3', '7.0.0' ],
37 silly audit   'validate-npm-package-name': [ '5.0.1', '3.0.0' ],
37 silly audit   '@expo/plist': [ '0.1.3' ],
37 silly audit   '@expo/prebuild-config': [ '6.8.1' ],
37 silly audit   '@expo/rudder-sdk-node': [ '1.1.1' ],
37 silly audit   '@expo/sdk-runtime-versions': [ '1.0.0' ],
37 silly audit   '@expo/sudo-prompt': [ '9.3.2' ],
37 silly audit   '@expo/vector-icons': [ '14.1.0' ],
37 silly audit   '@expo/xcpretty': [ '4.4.0' ],
37 silly audit   argparse: [ '2.0.1', '1.0.10' ],
37 silly audit   'js-yaml': [ '4.1.1', '3.14.2' ],
37 silly audit   '@gar/promisify': [ '1.1.3' ],
37 silly audit   '@graphql-typed-document-node/core': [ '3.2.0' ],
37 silly audit   '@hapi/hoek': [ '9.3.0' ],
37 silly audit   '@hapi/topo': [ '5.1.0' ],
37 silly audit   '@isaacs/ttlcache': [ '1.4.1' ],
37 silly audit   '@jest/create-cache-key-function': [ '29.7.0' ],
37 silly audit   '@jest/environment': [ '29.7.0' ],
37 silly audit   '@jest/fake-timers': [ '29.7.0' ],
37 silly audit   '@jest/schemas': [ '29.6.3' ],
37 silly audit   '@jest/types': [ '29.6.3', '26.6.2' ],
37 silly audit   '@jridgewell/gen-mapping': [ '0.3.13' ],
37 silly audit   '@jridgewell/remapping': [ '2.3.5' ],
37 silly audit   '@jridgewell/resolve-uri': [ '3.1.2' ],
37 silly audit   '@jridgewell/source-map': [ '0.3.11' ],
37 silly audit   '@jridgewell/sourcemap-codec': [ '1.5.5' ],
37 silly audit   '@jridgewell/trace-mapping': [ '0.3.31' ],
37 silly audit   '@nodelib/fs.scandir': [ '2.1.5' ],
37 silly audit   '@nodelib/fs.stat': [ '2.0.5' ],
37 silly audit   '@nodelib/fs.walk': [ '1.2.8' ],
37 silly audit   '@npmcli/fs': [ '1.1.1' ],
37 silly audit   '@npmcli/move-file': [ '1.1.2' ],
37 silly audit   '@react-native-community/cli': [ '12.3.2' ],
37 silly audit   '@react-native-community/cli-clean': [ '12.3.2' ],
37 silly audit   execa: [ '5.1.1', '1.0.0' ],
37 silly audit   'get-stream': [ '6.0.1', '4.1.0' ],
37 silly audit   'is-stream': [ '2.0.1', '1.1.0' ],
37 silly audit   'mimic-fn': [ '2.1.0', '1.2.0' ],
37 silly audit   'npm-run-path': [ '4.0.1', '2.0.2' ],
37 silly audit   onetime: [ '5.1.2', '2.0.1' ],
37 silly audit   '@react-native-community/cli-config': [ '12.3.2' ],
37 silly audit   '@react-native-community/cli-debugger-ui': [ '12.3.2' ],
37 silly audit   '@react-native-community/cli-doctor': [ '12.3.2' ],
37 silly audit   'cli-cursor': [ '3.1.0', '2.1.0' ],
37 silly audit   'log-symbols': [ '4.1.0', '2.2.0' ],
37 silly audit   ora: [ '5.4.1', '3.4.0' ],
37 silly audit   'strip-ansi': [ '6.0.1', '5.2.0' ],
37 silly audit   'restore-cursor': [ '3.1.0', '2.0.0' ],
37 silly audit   '@react-native-community/cli-hermes': [ '12.3.2' ],
37 silly audit   '@react-native-community/cli-platform-android': [ '12.3.2' ],
37 silly audit   '@react-native-community/cli-platform-ios': [ '12.3.2' ],
37 silly audit   '@react-native-community/cli-plugin-metro': [ '12.3.2' ],
37 silly audit   '@react-native-community/cli-server-api': [ '12.3.2' ],
37 silly audit   ws: [ '7.5.10', '6.2.3', '8.19.0' ],
37 silly audit   '@react-native-community/cli-tools': [ '12.3.2' ],
37 silly audit   'is-wsl': [ '1.1.0', '2.2.0' ],
37 silly audit   open: [ '6.4.0', '7.4.2', '8.4.2' ],
37 silly audit   '@react-native-community/cli-types': [ '12.3.2' ],
37 silly audit   commander: [ '9.5.0', '7.2.0', '4.1.1', '2.20.3' ],
37 silly audit   'find-up': [ '4.1.0', '5.0.0', '3.0.0' ],
37 silly audit   'locate-path': [ '5.0.0', '6.0.0', '3.0.0' ],
37 silly audit   'p-limit': [ '2.3.0', '3.1.0' ],
37 silly audit   'p-locate': [ '4.1.0', '5.0.0', '3.0.0' ],
37 silly audit   '@react-native/assets-registry': [ '0.73.1' ],
37 silly audit   '@react-native/babel-plugin-codegen': [ '0.83.1', '0.73.4' ],
37 silly audit   '@react-native/babel-preset': [ '0.83.1', '0.73.21' ],
37 silly audit   '@react-native/codegen': [ '0.83.1', '0.73.3' ],
37 silly audit   '@react-native/community-cli-plugin': [ '0.73.16' ],
37 silly audit   '@react-native/dev-middleware': [ '0.73.7', '0.73.8' ],
37 silly audit   ms: [ '2.0.0', '2.1.3' ],
37 silly audit   '@react-native/debugger-frontend': [ '0.73.3' ],
37 silly audit   '@react-native/gradle-plugin': [ '0.73.4' ],
37 silly audit   '@react-native/js-polyfills': [ '0.73.1' ],
37 silly audit   '@react-native/metro-babel-transformer': [ '0.73.15' ],
37 silly audit   'hermes-estree': [ '0.15.0', '0.32.0', '0.23.1' ],
37 silly audit   'hermes-parser': [ '0.15.0', '0.32.0', '0.23.1' ],
37 silly audit   mkdirp: [ '0.5.6', '1.0.4' ],
37 silly audit   '@react-native/normalize-color': [ '2.1.0' ],
37 silly audit   '@react-native/normalize-colors': [ '0.73.2' ],
37 silly audit   '@react-native/virtualized-lists': [ '0.73.4', '0.72.8' ],
37 silly audit   '@segment/loosely-validate-event': [ '2.0.0' ],
37 silly audit   '@sideway/address': [ '4.1.5' ],
37 silly audit   '@sideway/formula': [ '3.0.1' ],
37 silly audit   '@sideway/pinpoint': [ '2.0.0' ],
37 silly audit   '@sinclair/typebox': [ '0.27.10' ],
37 silly audit   '@sinonjs/commons': [ '3.0.1' ],
37 silly audit   '@sinonjs/fake-timers': [ '10.3.0' ],
37 silly audit   '@types/istanbul-lib-coverage': [ '2.0.6' ],
37 silly audit   '@types/istanbul-lib-report': [ '3.0.3' ],
37 silly audit   '@types/istanbul-reports': [ '3.0.4' ],
37 silly audit   '@types/node': [ '25.2.2' ],
37 silly audit   '@types/prop-types': [ '15.7.15' ],
37 silly audit   '@types/react': [ '18.2.79' ],
37 silly audit   '@types/stack-utils': [ '2.0.3' ],
37 silly audit   '@types/yargs': [ '17.0.35', '15.0.20' ],
37 silly audit   '@types/yargs-parser': [ '21.0.3' ],
37 silly audit   '@urql/core': [ '2.3.6' ],
37 silly audit   '@wry/caches': [ '1.0.1' ],
37 silly audit   '@wry/context': [ '0.7.4' ],
37 silly audit   '@wry/equality': [ '0.5.7' ],
37 silly audit   '@wry/trie': [ '0.5.0' ],
37 silly audit   '@xmldom/xmldom': [ '0.7.13', '0.8.11' ],
37 silly audit   'abort-controller': [ '3.0.0' ],
37 silly audit   accepts: [ '1.3.8' ],
37 silly audit   acorn: [ '8.15.0' ],
37 silly audit   'agent-base': [ '6.0.2' ],
37 silly audit   'aggregate-error': [ '3.1.0' ],
37 silly audit   anser: [ '1.4.10' ],
37 silly audit   'ansi-escapes': [ '4.3.2' ],
37 silly audit   'ansi-fragments': [ '0.2.1' ],
37 silly audit   'ansi-regex': [ '5.0.1', '4.1.1' ],
37 silly audit   'any-promise': [ '1.3.0' ],
37 silly audit   anymatch: [ '3.1.3' ],
37 silly audit   picomatch: [ '2.3.1', '3.0.1' ],
37 silly audit   appdirsjs: [ '1.2.7' ],
37 silly audit   arg: [ '5.0.2' ],
37 silly audit   'array-buffer-byte-length': [ '1.0.2' ],
37 silly audit   'array-union': [ '2.1.0' ],
37 silly audit   'arraybuffer.prototype.slice': [ '1.0.4' ],
37 silly audit   asap: [ '2.0.6' ],
37 silly audit   'ast-types': [ '0.15.2' ],
37 silly audit   'astral-regex': [ '1.0.0' ],
37 silly audit   'async-function': [ '1.0.0' ],
37 silly audit   'async-limiter': [ '1.0.1' ],
37 silly audit   asynckit: [ '0.4.0' ],
37 silly audit   'at-least-node': [ '1.0.0' ],
37 silly audit   'available-typed-arrays': [ '1.0.7' ],
37 silly audit   'babel-core': [ '7.0.0-bridge.0' ],
37 silly audit   'babel-plugin-polyfill-corejs2': [ '0.4.15' ],
37 silly audit   'babel-plugin-polyfill-regenerator': [ '0.6.6' ],
37 silly audit   'babel-plugin-react-native-web': [ '0.18.12' ],
37 silly audit   'babel-plugin-syntax-hermes-parser': [ '0.32.0' ],
37 silly audit   'babel-plugin-syntax-trailing-function-commas': [ '7.0.0-beta.0' ],
37 silly audit   'babel-plugin-transform-flow-enums': [ '0.0.2' ],
37 silly audit   'babel-preset-expo': [ '10.0.2' ],
37 silly audit   'react-refresh': [ '0.14.0', '0.14.2' ],
37 silly audit   'babel-preset-fbjs': [ '3.4.0' ],
37 silly audit   'balanced-match': [ '1.0.2' ],
37 silly audit   'base64-js': [ '1.5.1' ],
37 silly audit   'baseline-browser-mapping': [ '2.9.19' ],
37 silly audit   'better-opn': [ '3.0.2' ],
37 silly audit   'big-integer': [ '1.6.52' ],
37 silly audit   bl: [ '4.1.0' ],
37 silly audit   'readable-stream': [ '3.6.2', '2.3.8' ],
37 silly audit   'blueimp-md5': [ '2.19.0' ],
37 silly audit   'bplist-creator': [ '0.1.0' ],
37 silly audit   'bplist-parser': [ '0.3.2', '0.3.1' ],
37 silly audit   'brace-expansion': [ '1.1.12' ],
37 silly audit   braces: [ '3.0.3' ],
37 silly audit   browserslist: [ '4.28.1' ],
37 silly audit   bser: [ '2.1.1' ],
37 silly audit   buffer: [ '5.7.1' ],
37 silly audit   'buffer-alloc': [ '1.2.0' ],
37 silly audit   'buffer-alloc-unsafe': [ '1.1.0' ],
37 silly audit   'buffer-fill': [ '1.0.0' ],
37 silly audit   'buffer-from': [ '1.1.2' ],
37 silly audit   builtins: [ '1.0.3' ],
37 silly audit   bytes: [ '3.1.2' ],
37 silly audit   cacache: [ '15.3.0' ],
37 silly audit   'call-bind': [ '1.0.8' ],
37 silly audit   'call-bind-apply-helpers': [ '1.0.2' ],
37 silly audit   'call-bound': [ '1.0.4' ],
37 silly audit   'caller-callsite': [ '2.0.0' ],
37 silly audit   'caller-path': [ '2.0.0' ],
37 silly audit   callsites: [ '2.0.0' ],
37 silly audit   camelcase: [ '6.3.0', '5.3.1' ],
37 silly audit   'caniuse-lite': [ '1.0.30001769' ],
37 silly audit   charenc: [ '0.0.2' ],
37 silly audit   chownr: [ '2.0.0' ],
37 silly audit   'chrome-launcher': [ '0.15.2' ],
37 silly audit   'chromium-edge-launcher': [ '1.0.0' ],
37 silly audit   'ci-info': [ '3.9.0', '2.0.0' ],
37 silly audit   'clean-stack': [ '2.2.0' ],
37 silly audit   'cli-spinners': [ '2.9.2' ],
37 silly audit   cliui: [ '8.0.1', '6.0.0' ],
37 silly audit   clone: [ '2.1.2', '1.0.4' ],
37 silly audit   'clone-deep': [ '4.0.1' ],
37 silly audit   colorette: [ '1.4.0' ],
37 silly audit   'combined-stream': [ '1.0.8' ],
37 silly audit   'command-exists': [ '1.2.9' ],
37 silly audit   commondir: [ '1.0.1' ],
37 silly audit   'component-type': [ '1.2.2' ],
37 silly audit   compressible: [ '2.0.18' ],
37 silly audit   compression: [ '1.8.1' ],
37 silly audit   negotiator: [ '0.6.4', '0.6.3' ],
37 silly audit   'concat-map': [ '0.0.1' ],
37 silly audit   connect: [ '3.7.0' ],
37 silly audit   'convert-source-map': [ '2.0.0' ],
37 silly audit   'core-js-compat': [ '3.48.0' ],
37 silly audit   'core-util-is': [ '1.0.3' ],
37 silly audit   cosmiconfig: [ '5.2.1' ],
37 silly audit   'cross-fetch': [ '3.2.0' ],
37 silly audit   crypt: [ '0.0.2' ],
37 silly audit   csstype: [ '3.2.3' ],
37 silly audit   'dag-map': [ '1.0.2' ],
37 silly audit   'data-view-buffer': [ '1.0.2' ],
37 silly audit   'data-view-byte-length': [ '1.0.2' ],
37 silly audit   'data-view-byte-offset': [ '1.0.1' ],
37 silly audit   dayjs: [ '1.11.19' ],
37 silly audit   decamelize: [ '1.2.0' ],
37 silly audit   'deep-extend': [ '0.6.0' ],
37 silly audit   deepmerge: [ '4.3.1' ],
37 silly audit   'default-gateway': [ '4.2.0' ],
37 silly audit   defaults: [ '1.0.4' ],
37 silly audit   'define-data-property': [ '1.1.4' ],
37 silly audit   'define-lazy-prop': [ '2.0.0' ],
37 silly audit   'define-properties': [ '1.2.1' ],
37 silly audit   del: [ '6.1.1' ],
37 silly audit   'delayed-stream': [ '1.0.0' ],
37 silly audit   denodeify: [ '1.2.1' ],
37 silly audit   depd: [ '2.0.0' ],
37 silly audit   'deprecated-react-native-prop-types': [ '5.0.0' ],
37 silly audit   destroy: [ '1.2.0' ],
37 silly audit   'detect-libc': [ '1.0.3' ],
37 silly audit   'dir-glob': [ '3.0.1' ],
37 silly audit   dotenv: [ '16.4.7' ],
37 silly audit   'dotenv-expand': [ '11.0.7' ],
37 silly audit   'dunder-proto': [ '1.0.1' ],
37 silly audit   'ee-first': [ '1.1.1' ],
37 silly audit   'electron-to-chromium': [ '1.5.286' ],
37 silly audit   'emoji-regex': [ '8.0.0' ],
37 silly audit   encodeurl: [ '1.0.2', '2.0.0' ],
37 silly audit   'end-of-stream': [ '1.4.5' ],
37 silly audit   'env-editor': [ '0.4.2' ],
37 silly audit   envinfo: [ '7.21.0' ],
37 silly audit   'error-ex': [ '1.3.4' ],
37 silly audit   'error-stack-parser': [ '2.1.4' ],
37 silly audit   errorhandler: [ '1.5.2' ],
37 silly audit   'es-abstract': [ '1.24.1' ],
37 silly audit   'es-define-property': [ '1.0.1' ],
37 silly audit   'es-errors': [ '1.3.0' ],
37 silly audit   'es-object-atoms': [ '1.1.1' ],
37 silly audit   'es-set-tostringtag': [ '2.1.0' ],
37 silly audit   'es-to-primitive': [ '1.3.0' ],
37 silly audit   escalade: [ '3.2.0' ],
37 silly audit   'escape-html': [ '1.0.3' ],
37 silly audit   esprima: [ '4.0.1' ],
37 silly audit   esutils: [ '2.0.3' ],
37 silly audit   etag: [ '1.8.1' ],
37 silly audit   'event-target-shim': [ '5.0.1' ],
37 silly audit   'exec-async': [ '2.2.0' ],
37 silly audit   expo: [ '50.0.21' ],
37 silly audit   'expo-asset': [ '9.0.2' ],
37 silly audit   'expo-constants': [ '15.4.6' ],
37 silly audit   'expo-file-system': [ '16.0.9' ],
37 silly audit   'expo-font': [ '11.10.3' ],
37 silly audit   'expo-keep-awake': [ '12.8.2' ],
37 silly audit   'expo-modules-autolinking': [ '1.10.3' ],
37 silly audit   'expo-modules-core': [ '1.11.14' ],
37 silly audit   'expo-status-bar': [ '1.11.1' ],
37 silly audit   'exponential-backoff': [ '3.1.3' ],
37 silly audit   'fast-glob': [ '3.3.3' ],
37 silly audit   'fast-xml-parser': [ '4.5.3' ],
37 silly audit   fastq: [ '1.20.1' ],
37 silly audit   'fb-watchman': [ '2.0.2' ],
37 silly audit   fbemitter: [ '3.0.0' ],
37 silly audit   fbjs: [ '3.0.5' ],
37 silly audit   'fbjs-css-vars': [ '1.0.2' ],
37 silly audit   'fetch-retry': [ '4.1.1' ],
37 silly audit   'fill-range': [ '7.1.1' ],
37 silly audit   finalhandler: [ '1.1.2' ],
37 silly audit   'find-cache-dir': [ '2.1.0' ],
37 silly audit   'find-yarn-workspace-root': [ '2.0.0' ],
37 silly audit   'flow-enums-runtime': [ '0.0.6' ],
37 silly audit   'flow-parser': [ '0.206.0' ],
37 silly audit   fontfaceobserver: [ '2.3.0' ],
37 silly audit   'for-each': [ '0.3.5' ],
37 silly audit   'form-data': [ '3.0.4' ],
37 silly audit   'freeport-async': [ '2.0.0' ],
37 silly audit   fresh: [ '0.5.2' ],
37 silly audit   'fs-minipass': [ '2.1.0' ],
37 silly audit   'fs.realpath': [ '1.0.0' ],
37 silly audit   fsevents: [ '2.3.3' ],
37 silly audit   'function-bind': [ '1.1.2' ],
37 silly audit   'function.prototype.name': [ '1.1.8' ],
37 silly audit   'functions-have-names': [ '1.2.3' ],
37 silly audit   'generator-function': [ '2.0.1' ],
37 silly audit   gensync: [ '1.0.0-beta.2' ],
37 silly audit   'get-caller-file': [ '2.0.5' ],
37 silly audit   'get-intrinsic': [ '1.3.0' ],
37 silly audit   'get-proto': [ '1.0.1' ],
37 silly audit   'get-symbol-description': [ '1.1.0' ],
37 silly audit   getenv: [ '1.0.0' ],
37 silly audit   'glob-parent': [ '5.1.2' ],
37 silly audit   globalthis: [ '1.0.4' ],
37 silly audit   globby: [ '11.1.0' ],
37 silly audit   gopd: [ '1.2.0' ],
37 silly audit   'graceful-fs': [ '4.2.11' ],
37 silly audit   'graphql-tag': [ '2.12.6' ],
37 silly audit   'has-bigints': [ '1.1.0' ],
37 silly audit   'has-property-descriptors': [ '1.0.2' ],
37 silly audit   'has-proto': [ '1.2.0' ],
37 silly audit   'has-symbols': [ '1.1.0' ],
37 silly audit   'has-tostringtag': [ '1.0.2' ],
37 silly audit   hasown: [ '2.0.2' ],
37 silly audit   'hermes-profile-transformer': [ '0.0.6' ],
37 silly audit   'hoist-non-react-statics': [ '3.3.2' ],
37 silly audit   'http-errors': [ '2.0.0', '2.0.1' ],
37 silly audit   statuses: [ '2.0.1', '2.0.2', '1.5.0' ],
37 silly audit   'https-proxy-agent': [ '5.0.1' ],
37 silly audit   'human-signals': [ '2.1.0' ],
37 silly audit   ieee754: [ '1.2.1' ],
37 silly audit   ignore: [ '5.3.2' ],
37 silly audit   'image-size': [ '1.2.1' ],
37 silly audit   'import-fresh': [ '2.0.0' ],
37 silly audit   'resolve-from': [ '3.0.0', '5.0.0' ],
37 silly audit   imurmurhash: [ '0.1.4' ],
37 silly audit   'indent-string': [ '4.0.0' ],
37 silly audit   'infer-owner': [ '1.0.4' ],
37 silly audit   inflight: [ '1.0.6' ],
37 silly audit   inherits: [ '2.0.4' ],
37 silly audit   ini: [ '1.3.8' ],
37 silly audit   'internal-ip': [ '4.3.0' ],
37 silly audit   'internal-slot': [ '1.1.0' ],
37 silly audit   invariant: [ '2.2.4' ],
37 silly audit   ip: [ '1.1.9' ],
37 silly audit   'ip-regex': [ '2.1.0' ],
37 silly audit   'ipaddr.js': [ '1.9.1' ],
37 silly audit   'is-array-buffer': [ '3.0.5' ],
37 silly audit   'is-arrayish': [ '0.2.1' ],
37 silly audit   'is-async-function': [ '2.1.1' ],
37 silly audit   'is-bigint': [ '1.1.0' ],
37 silly audit   'is-boolean-object': [ '1.2.2' ],
37 silly audit   'is-buffer': [ '1.1.6' ],
37 silly audit   'is-callable': [ '1.2.7' ],
37 silly audit   'is-core-module': [ '2.16.1' ],
37 silly audit   'is-data-view': [ '1.0.2' ],
37 silly audit   'is-date-object': [ '1.1.0' ],
37 silly audit   'is-directory': [ '0.3.1' ],
37 silly audit   'is-docker': [ '2.2.1' ],
37 silly audit   'is-extglob': [ '2.1.1', '1.0.0' ],
37 silly audit   'is-finalizationregistry': [ '1.1.1' ],
37 silly audit   'is-fullwidth-code-point': [ '2.0.0', '3.0.0' ],
37 silly audit   'is-generator-function': [ '1.1.2' ],
37 silly audit   'is-glob': [ '4.0.3', '2.0.1' ],
37 silly audit   'is-interactive': [ '1.0.0' ],
37 silly audit   'is-invalid-path': [ '0.1.0' ],
37 silly audit   'is-map': [ '2.0.3' ],
37 silly audit   'is-negative-zero': [ '2.0.3' ],
37 silly audit   'is-number': [ '7.0.0' ],
37 silly audit   'is-number-object': [ '1.1.1' ],
37 silly audit   'is-path-cwd': [ '2.2.0' ],
37 silly audit   'is-path-inside': [ '3.0.3' ],
37 silly audit   'is-plain-object': [ '2.0.4' ],
37 silly audit   'is-regex': [ '1.2.1' ],
37 silly audit   'is-set': [ '2.0.3' ],
37 silly audit   'is-shared-array-buffer': [ '1.0.4' ],
37 silly audit   'is-string': [ '1.1.1' ],
37 silly audit   'is-symbol': [ '1.1.1' ],
37 silly audit   'is-typed-array': [ '1.1.15' ],
37 silly audit   'is-unicode-supported': [ '0.1.0' ],
37 silly audit   'is-valid-path': [ '0.1.1' ],
37 silly audit   'is-weakmap': [ '2.0.2' ],
37 silly audit   'is-weakref': [ '1.1.1' ],
37 silly audit   'is-weakset': [ '2.0.4' ],
37 silly audit   isarray: [ '1.0.0', '2.0.5' ],
37 silly audit   isexe: [ '2.0.0' ],
37 silly audit   isobject: [ '3.0.1' ],
37 silly audit   'jest-environment-node': [ '29.7.0' ],
37 silly audit   'jest-get-type': [ '29.6.3' ],
37 silly audit   'jest-message-util': [ '29.7.0' ],
37 silly audit   'pretty-format': [ '29.7.0', '26.6.2' ],
37 silly audit   'react-is': [ '18.3.1', '17.0.2', '16.13.1' ],
37 silly audit   'jest-mock': [ '29.7.0' ],
37 silly audit   'jest-util': [ '29.7.0' ],
37 silly audit   'jest-validate': [ '29.7.0' ],
37 silly audit   'jest-worker': [ '29.7.0' ],
37 silly audit   'jimp-compact': [ '0.16.1' ],
37 silly audit   joi: [ '17.13.3' ],
37 silly audit   'join-component': [ '1.1.0' ],
37 silly audit   'js-tokens': [ '4.0.0' ],
37 silly audit   'jsc-android': [ '250231.0.0' ],
37 silly audit   'jsc-safe-url': [ '0.2.4' ],
37 silly audit   jscodeshift: [ '0.14.0' ],
37 silly audit   jsesc: [ '3.1.0' ],
37 silly audit   'json-parse-better-errors': [ '1.0.2' ],
37 silly audit   'json-schema-deref-sync': [ '0.13.0' ],
37 silly audit   md5: [ '2.2.1', '2.3.0' ],
37 silly audit   json5: [ '2.2.3' ],
37 silly audit   'kind-of': [ '6.0.3' ],
37 silly audit   kleur: [ '3.0.3' ],
37 silly audit   leven: [ '3.1.0' ],
37 silly audit   'lighthouse-logger': [ '1.4.2' ],
37 silly audit   lightningcss: [ '1.19.0' ],
37 silly audit   'lightningcss-darwin-arm64': [ '1.19.0' ],
37 silly audit   'lightningcss-darwin-x64': [ '1.19.0' ],
37 silly audit   'lightningcss-linux-arm-gnueabihf': [ '1.19.0' ],
37 silly audit   'lightningcss-linux-arm64-gnu': [ '1.19.0' ],
37 silly audit   'lightningcss-linux-arm64-musl': [ '1.19.0' ],
37 silly audit   'lightningcss-linux-x64-gnu': [ '1.19.0' ],
37 silly audit   'lightningcss-linux-x64-musl': [ '1.19.0' ],
37 silly audit   'lightningcss-win32-x64-msvc': [ '1.19.0' ],
37 silly audit   'lines-and-columns': [ '1.2.4' ],
37 silly audit   lodash: [ '4.17.23' ],
37 silly audit   'lodash.debounce': [ '4.0.8' ],
37 silly audit   'lodash.throttle': [ '4.1.1' ],
37 silly audit   logkitty: [ '0.7.1' ],
37 silly audit   'wrap-ansi': [ '6.2.0', '7.0.0' ],
37 silly audit   y18n: [ '4.0.3', '5.0.8' ],
37 silly audit   yargs: [ '15.4.1', '17.7.2' ],
37 silly audit   'yargs-parser': [ '18.1.3', '21.1.1' ],
37 silly audit   'loose-envify': [ '1.4.0' ],
37 silly audit   'make-dir': [ '2.1.0' ],
37 silly audit   makeerror: [ '1.0.12' ],
37 silly audit   marky: [ '1.3.0' ],
37 silly audit   'math-intrinsics': [ '1.1.0' ],
37 silly audit   'md5-file': [ '3.2.3' ],
37 silly audit   md5hex: [ '1.0.0' ],
37 silly audit   'memoize-one': [ '5.2.1' ],
37 silly audit   'memory-cache': [ '0.2.0' ],
37 silly audit   'merge-stream': [ '2.0.0' ],
37 silly audit   merge2: [ '1.4.1' ],
37 silly audit   metro: [ '0.80.12' ],
37 silly audit   'metro-babel-transformer': [ '0.80.12' ],
37 silly audit   'metro-cache': [ '0.80.12' ],
37 silly audit   'metro-cache-key': [ '0.80.12' ],
37 silly audit   'metro-config': [ '0.80.12' ],
37 silly audit   'metro-core': [ '0.80.12' ],
37 silly audit   'metro-file-map': [ '0.80.12' ],
37 silly audit   'metro-minify-terser': [ '0.80.12' ],
37 silly audit   'metro-resolver': [ '0.80.12' ],
37 silly audit   'metro-runtime': [ '0.80.12' ],
37 silly audit   'metro-source-map': [ '0.80.12' ],
37 silly audit   'source-map': [ '0.5.7', '0.6.1', '0.7.6' ],
37 silly audit   'metro-symbolicate': [ '0.80.12' ],
37 silly audit   'metro-transform-plugins': [ '0.80.12' ],
37 silly audit   'metro-transform-worker': [ '0.80.12' ],
37 silly audit   micromatch: [ '4.0.8' ],
37 silly audit   mime: [ '2.6.0', '1.6.0' ],
37 silly audit   'mime-db': [ '1.52.0' ],
37 silly audit   'mime-types': [ '2.1.35' ],
37 silly audit   minimatch: [ '3.1.2' ],
37 silly audit   minimist: [ '1.2.8' ],
37 silly audit   minipass: [ '3.3.6', '5.0.0' ],
37 silly audit   'minipass-collect': [ '1.0.2' ],
37 silly audit   'minipass-flush': [ '1.0.5' ],
37 silly audit   'minipass-pipeline': [ '1.2.4' ],
37 silly audit   minizlib: [ '2.1.2' ],
37 silly audit   mz: [ '2.7.0' ],
37 silly audit   nanoid: [ '3.3.11' ],
37 silly audit   'neo-async': [ '2.6.2' ],
37 silly audit   'nested-error-stacks': [ '2.0.1' ],
37 silly audit   'nice-try': [ '1.0.5' ],
37 silly audit   nocache: [ '3.0.4' ],
37 silly audit   'node-abort-controller': [ '3.1.1' ],
37 silly audit   'node-dir': [ '0.1.17' ],
37 silly audit   'node-fetch': [ '2.7.0' ],
37 silly audit   'node-forge': [ '1.3.3' ],
37 silly audit   'node-int64': [ '0.4.0' ],
37 silly audit   'node-releases': [ '2.0.27' ],
37 silly audit   'node-stream-zip': [ '1.15.0' ],
37 silly audit   'normalize-path': [ '3.0.0' ],
37 silly audit   nullthrows: [ '1.1.1' ],
37 silly audit   ob1: [ '0.80.12' ],
37 silly audit   'object-assign': [ '4.1.1' ],
37 silly audit   'object-inspect': [ '1.13.4' ],
37 silly audit   'object-keys': [ '1.1.1' ],
37 silly audit   'object.assign': [ '4.1.7' ],
37 silly audit   'on-finished': [ '2.3.0', '2.4.1' ],
37 silly audit   'on-headers': [ '1.1.0' ],
37 silly audit   once: [ '1.4.0' ],
37 silly audit   optimism: [ '0.18.1' ],
37 silly audit   'os-homedir': [ '1.0.2' ],
37 silly audit   'os-tmpdir': [ '1.0.2' ],
37 silly audit   osenv: [ '0.1.5' ],
37 silly audit   'own-keys': [ '1.0.1' ],
37 silly audit   'p-finally': [ '1.0.0' ],
37 silly audit   'p-map': [ '4.0.0' ],
37 silly audit   'p-try': [ '2.2.0' ],
37 silly audit   'parse-json': [ '4.0.0' ],
37 silly audit   'parse-png': [ '2.1.0' ],
37 silly audit   parseurl: [ '1.3.3' ],
37 silly audit   'path-exists': [ '4.0.0', '3.0.0' ],
37 silly audit   'path-is-absolute': [ '1.0.1' ],
37 silly audit   'path-parse': [ '1.0.7' ],
37 silly audit   'path-type': [ '4.0.0' ],
37 silly audit   picocolors: [ '1.1.1' ],
37 silly audit   pify: [ '4.0.1' ],
37 silly audit   pirates: [ '4.0.7' ],
37 silly audit   'pkg-dir': [ '3.0.0' ],
37 silly audit   plist: [ '3.1.0' ],
37 silly audit   xmlbuilder: [ '15.1.1', '11.0.1', '14.0.0' ],
37 silly audit   pngjs: [ '3.4.0' ],
37 silly audit   'possible-typed-array-names': [ '1.1.0' ],
37 silly audit   postcss: [ '8.4.49' ],
37 silly audit   'pretty-bytes': [ '5.6.0' ],
37 silly audit   'proc-log': [ '4.2.0' ],
37 silly audit   'process-nextick-args': [ '2.0.1' ],
37 silly audit   progress: [ '2.0.3' ],
37 silly audit   promise: [ '7.3.1', '8.3.0' ],
37 silly audit   'promise-inflight': [ '1.0.1' ],
37 silly audit   prompts: [ '2.4.2' ],
37 silly audit   'prop-types': [ '15.8.1' ],
37 silly audit   pump: [ '3.0.3' ],
37 silly audit   punycode: [ '2.3.1' ],
37 silly audit   'qrcode-terminal': [ '0.11.0' ],
37 silly audit   queue: [ '6.0.2' ],
37 silly audit   'queue-microtask': [ '1.2.3' ],
37 silly audit   'range-parser': [ '1.2.1' ],
37 silly audit   rc: [ '1.2.8' ],
37 silly audit   react: [ '18.2.0' ],
37 silly audit   'react-devtools-core': [ '4.28.5' ],
37 silly audit   'react-native': [ '0.73.4' ],
37 silly audit   'react-shallow-renderer': [ '16.15.0' ],
37 silly audit   'safe-buffer': [ '5.1.2', '5.2.1' ],
37 silly audit   readline: [ '1.3.0' ],
37 silly audit   recast: [ '0.21.5' ],
37 silly audit   'reflect.getprototypeof': [ '1.0.10' ],
37 silly audit   regenerate: [ '1.4.2' ],
37 silly audit   'regenerate-unicode-properties': [ '10.2.2' ],
37 silly audit   'regenerator-runtime': [ '0.13.11' ],
37 silly audit   'regexp.prototype.flags': [ '1.5.4' ],
37 silly audit   'regexpu-core': [ '6.4.0' ],
37 silly audit   regjsgen: [ '0.8.0' ],
37 silly audit   regjsparser: [ '0.13.0' ],
37 silly audit   rehackt: [ '0.1.0' ],
37 silly audit   'remove-trailing-slash': [ '0.1.1' ],
37 silly audit   'require-directory': [ '2.1.1' ],
37 silly audit   'require-from-string': [ '2.0.2' ],
37 silly audit   'require-main-filename': [ '2.0.0' ],
37 silly audit   requireg: [ '0.2.2' ],
37 silly audit   resolve: [ '1.7.1', '1.22.11' ],
37 silly audit   'resolve-workspace-root': [ '2.0.1' ],
37 silly audit   'resolve.exports': [ '2.0.3' ],
37 silly audit   reusify: [ '1.1.0' ],
37 silly audit   rimraf: [ '3.0.2', '2.6.3' ],
37 silly audit   'run-parallel': [ '1.2.0' ],
37 silly audit   'safe-array-concat': [ '1.1.3' ],
37 silly audit   'safe-push-apply': [ '1.0.0' ],
37 silly audit   'safe-regex-test': [ '1.1.0' ],
37 silly audit   sax: [ '1.4.4' ],
37 silly audit   scheduler: [ '0.24.0-canary-efb381bbf-20230505' ],
37 silly audit   send: [ '0.18.0', '0.19.2' ],
37 silly audit   'serialize-error': [ '2.1.0' ],
37 silly audit   'serve-static': [ '1.16.3' ],
37 silly audit   'set-blocking': [ '2.0.0' ],
37 silly audit   'set-function-length': [ '1.2.2' ],
37 silly audit   'set-function-name': [ '2.0.2' ],
37 silly audit   'set-proto': [ '1.0.0' ],
37 silly audit   setimmediate: [ '1.0.5' ],
37 silly audit   setprototypeof: [ '1.2.0' ],
37 silly audit   'shallow-clone': [ '3.0.1' ],
37 silly audit   'shell-quote': [ '1.8.3' ],
37 silly audit   'side-channel': [ '1.1.0' ],
37 silly audit   'side-channel-list': [ '1.0.0' ],
37 silly audit   'side-channel-map': [ '1.0.1' ],
37 silly audit   'side-channel-weakmap': [ '1.0.2' ],
37 silly audit   'signal-exit': [ '3.0.7' ],
37 silly audit   'simple-plist': [ '1.3.1' ],
37 silly audit   sisteransi: [ '1.0.5' ],
37 silly audit   slash: [ '3.0.0' ],
37 silly audit   'slice-ansi': [ '2.1.0' ],
37 silly audit   slugify: [ '1.6.6' ],
37 silly audit   'source-map-js': [ '1.2.1' ],
37 silly audit   'source-map-support': [ '0.5.21' ],
37 silly audit   'sprintf-js': [ '1.0.3' ],
37 silly audit   ssri: [ '8.0.1' ],
37 silly audit   'stack-utils': [ '2.0.6' ],
37 silly audit   stackframe: [ '1.3.4' ],
37 silly audit   'stacktrace-parser': [ '0.1.11' ],
37 silly audit   'stop-iteration-iterator': [ '1.1.0' ],
37 silly audit   'stream-buffers': [ '2.2.0' ],
37 silly audit   string_decoder: [ '1.1.1' ],
37 silly audit   'string-width': [ '4.2.3' ],
37 silly audit   'string.prototype.trim': [ '1.2.10' ],
37 silly audit   'string.prototype.trimend': [ '1.0.9' ],
37 silly audit   'string.prototype.trimstart': [ '1.0.8' ],
37 silly audit   'strip-eof': [ '1.0.0' ],
37 silly audit   'strip-final-newline': [ '2.0.0' ],
37 silly audit   'strip-json-comments': [ '2.0.1' ],
37 silly audit   strnum: [ '1.1.2' ],
37 silly audit   'structured-headers': [ '0.4.1' ],
37 silly audit   sucrase: [ '3.34.0' ],
37 silly audit   'sudo-prompt': [ '9.2.1' ],
37 silly audit   'supports-hyperlinks': [ '2.3.0' ],
37 silly audit   'supports-preserve-symlinks-flag': [ '1.0.0' ],
37 silly audit   'symbol-observable': [ '4.0.0' ],
37 silly audit   tar: [ '6.2.1' ],
37 silly audit   temp: [ '0.8.4' ],
37 silly audit   'terminal-link': [ '2.1.1' ],
37 silly audit   terser: [ '5.46.0' ],
37 silly audit   'text-table': [ '0.2.0' ],
37 silly audit   thenify: [ '3.3.1' ],
37 silly audit   'thenify-all': [ '1.6.0' ],
37 silly audit   throat: [ '5.0.0' ],
37 silly audit   through2: [ '2.0.5' ],
37 silly audit   tmpl: [ '1.0.5' ],
37 silly audit   'to-regex-range': [ '5.0.1' ],
37 silly audit   toidentifier: [ '1.0.1' ],
37 silly audit   tr46: [ '0.0.3' ],
37 silly audit   traverse: [ '0.6.11' ],
37 silly audit   'ts-interface-checker': [ '0.1.13' ],
37 silly audit   'ts-invariant': [ '0.10.3' ],
37 silly audit   tslib: [ '2.8.1' ],
37 silly audit   'type-detect': [ '4.0.8' ],
37 silly audit   'typed-array-buffer': [ '1.0.3' ],
37 silly audit   'typed-array-byte-length': [ '1.0.3' ],
37 silly audit   'typed-array-byte-offset': [ '1.0.4' ],
37 silly audit   'typed-array-length': [ '1.0.7' ],
37 silly audit   'typedarray.prototype.slice': [ '1.0.5' ],
37 silly audit   typescript: [ '5.9.3' ],
37 silly audit   'ua-parser-js': [ '1.0.41' ],
37 silly audit   'unbox-primitive': [ '1.1.0' ],
37 silly audit   'undici-types': [ '7.16.0' ],
37 silly audit   'unicode-canonical-property-names-ecmascript': [ '2.0.1' ],
37 silly audit   'unicode-match-property-ecmascript': [ '2.0.0' ],
37 silly audit   'unicode-match-property-value-ecmascript': [ '2.2.1' ],
37 silly audit   'unicode-property-aliases-ecmascript': [ '2.2.0' ],
37 silly audit   'unique-filename': [ '1.1.1' ],
37 silly audit   'unique-slug': [ '2.0.2' ],
37 silly audit   unpipe: [ '1.0.0' ],
37 silly audit   'update-browserslist-db': [ '1.2.3' ],
37 silly audit   'url-join': [ '4.0.0' ],
37 silly audit   'util-deprecate': [ '1.0.2' ],
37 silly audit   'utils-merge': [ '1.0.1' ],
37 silly audit   uuid: [ '8.3.2', '7.0.3' ],
37 silly audit   'valid-url': [ '1.0.9' ],
37 silly audit   vary: [ '1.1.2' ],
37 silly audit   vlq: [ '1.0.1' ],
37 silly audit   walker: [ '1.0.8' ],
37 silly audit   wcwidth: [ '1.0.1' ],
37 silly audit   'webidl-conversions': [ '3.0.1', '5.0.0' ],
37 silly audit   'whatwg-fetch': [ '3.6.20' ],
37 silly audit   'whatwg-url': [ '5.0.0' ],
37 silly audit   'whatwg-url-without-unicode': [ '8.0.0-3' ],
37 silly audit   'which-boxed-primitive': [ '1.1.1' ],
37 silly audit   'which-builtin-type': [ '1.2.1' ],
37 silly audit   'which-collection': [ '1.0.2' ],
37 silly audit   'which-module': [ '2.0.1' ],
37 silly audit   'which-typed-array': [ '1.1.20' ],
37 silly audit   wonka: [ '4.0.15' ],
37 silly audit   wrappy: [ '1.0.2' ],
37 silly audit   'write-file-atomic': [ '2.4.3' ],
37 silly audit   xcode: [ '3.0.1' ],
37 silly audit   xml2js: [ '0.6.0' ],
37 silly audit   xtend: [ '4.0.2' ],
37 silly audit   yaml: [ '2.8.2' ],
37 silly audit   'yocto-queue': [ '0.1.0' ],
37 silly audit   'zen-observable': [ '0.8.15' ],
37 silly audit   'zen-observable-ts': [ '1.2.5' ],
37 silly audit   '@types/react-native': [ '0.72.8' ]
37 silly audit }
38 http cache fsevents@https://registry.npmjs.org/fsevents/-/fsevents-2.3.3.tgz 0ms (cache hit)
39 http cache @types/react-native@https://registry.npmjs.org/@types/react-native/-/react-native-0.72.8.tgz 0ms (cache hit)
40 http cache @react-native/virtualized-lists@https://registry.npmjs.org/@react-native/virtualized-lists/-/virtualized-lists-0.72.8.tgz 0ms (cache hit)
41 silly tarball no local data for @types/react-native@https://registry.npmjs.org/@types/react-native/-/react-native-0.72.8.tgz. Extracting by manifest.
42 silly tarball no local data for @react-native/virtualized-lists@https://registry.npmjs.org/@react-native/virtualized-lists/-/virtualized-lists-0.72.8.tgz. Extracting by manifest.
43 http fetch POST 200 https://registry.npmjs.org/-/npm/v1/security/advisories/bulk 138ms
44 silly audit report {
44 silly audit report   semver: [
44 silly audit report     {
44 silly audit report       id: 1112921,
44 silly audit report       url: 'https://github.com/advisories/GHSA-c2qf-rxjj-qqgw',
44 silly audit report       title: 'semver vulnerable to Regular Expression Denial of Service',
44 silly audit report       severity: 'high',
44 silly audit report       vulnerable_versions: '>=7.0.0 <7.5.2',
44 silly audit report       cwe: [Array],
44 silly audit report       cvss: [Object]
44 silly audit report     }
44 silly audit report   ],
44 silly audit report   'fast-xml-parser': [
44 silly audit report     {
44 silly audit report       id: 1112708,
44 silly audit report       url: 'https://github.com/advisories/GHSA-37qj-frw5-hhjh',
44 silly audit report       title: 'fast-xml-parser has RangeError DoS Numeric Entities Bug',
44 silly audit report       severity: 'high',
44 silly audit report       vulnerable_versions: '>=4.3.6 <=5.3.3',
44 silly audit report       cwe: [Array],
44 silly audit report       cvss: [Object]
44 silly audit report     }
44 silly audit report   ],
44 silly audit report   ip: [
44 silly audit report     {
44 silly audit report       id: 1101851,
44 silly audit report       url: 'https://github.com/advisories/GHSA-2p57-rm9w-gvfp',
44 silly audit report       title: 'ip SSRF improper categorization in isPublic',
44 silly audit report       severity: 'high',
44 silly audit report       vulnerable_versions: '<=2.0.1',
44 silly audit report       cwe: [Array],
44 silly audit report       cvss: [Object]
44 silly audit report     }
44 silly audit report   ],
44 silly audit report   send: [
44 silly audit report     {
44 silly audit report       id: 1109556,
44 silly audit report       url: 'https://github.com/advisories/GHSA-m6fv-jmcg-4jfg',
44 silly audit report       title: 'send vulnerable to template injection that can lead to XSS',
44 silly audit report       severity: 'low',
44 silly audit report       vulnerable_versions: '<0.19.0',
44 silly audit report       cwe: [Array],
44 silly audit report       cvss: [Object]
44 silly audit report     }
44 silly audit report   ],
44 silly audit report   tar: [
44 silly audit report     {
44 silly audit report       id: 1112255,
44 silly audit report       url: 'https://github.com/advisories/GHSA-8qq5-rm4j-mr97',
44 silly audit report       title: 'node-tar is Vulnerable to Arbitrary File Overwrite and Symlink Poisoning via Insufficient Path Sanitization',
44 silly audit report       severity: 'high',
44 silly audit report       vulnerable_versions: '<=7.5.2',
44 silly audit report       cwe: [Array],
44 silly audit report       cvss: [Object]
44 silly audit report     },
44 silly audit report     {
44 silly audit report       id: 1112329,
44 silly audit report       url: 'https://github.com/advisories/GHSA-r6q2-hw4h-h46w',
44 silly audit report       title: 'Race Condition in node-tar Path Reservations via Unicode Ligature Collisions on macOS APFS',
44 silly audit report       severity: 'high',
44 silly audit report       vulnerable_versions: '<=7.5.3',
44 silly audit report       cwe: [Array],
44 silly audit report       cvss: [Object]
44 silly audit report     },
44 silly audit report     {
44 silly audit report       id: 1112659,
44 silly audit report       url: 'https://github.com/advisories/GHSA-34x7-hfp2-rc4v',
44 silly audit report       title: 'node-tar Vulnerable to Arbitrary File Creation/Overwrite via Hardlink Path Traversal',
44 silly audit report       severity: 'high',
44 silly audit report       vulnerable_versions: '<7.5.7',
44 silly audit report       cwe: [Array],
44 silly audit report       cvss: [Object]
44 silly audit report     }
44 silly audit report   ]
44 silly audit report }
45 silly packumentCache corgi:https://registry.npmjs.org/semver cache-miss
46 silly packumentCache corgi:https://registry.npmjs.org/fast-xml-parser cache-miss
47 silly packumentCache corgi:https://registry.npmjs.org/ip cache-miss
48 silly packumentCache corgi:https://registry.npmjs.org/send cache-miss
49 silly packumentCache corgi:https://registry.npmjs.org/tar cache-miss
50 http fetch GET 200 https://registry.npmjs.org/semver 40ms (cache revalidated)
51 silly packumentCache corgi:https://registry.npmjs.org/semver set size:96449 disposed:false
52 http fetch GET 200 https://registry.npmjs.org/@react-native/virtualized-lists/-/virtualized-lists-0.72.8.tgz 219ms (cache miss)
53 http fetch GET 200 https://registry.npmjs.org/fast-xml-parser 87ms (cache revalidated)
54 silly packumentCache corgi:https://registry.npmjs.org/fast-xml-parser set size:224276 disposed:false
55 http fetch GET 200 https://registry.npmjs.org/tar 91ms (cache revalidated)
56 silly packumentCache corgi:https://registry.npmjs.org/tar set size:193467 disposed:false
57 http fetch GET 200 https://registry.npmjs.org/ip 95ms (cache revalidated)
58 silly packumentCache corgi:https://registry.npmjs.org/ip set size:17316 disposed:false
59 http fetch GET 200 https://registry.npmjs.org/@types/react-native/-/react-native-0.72.8.tgz 241ms (cache miss)
60 http fetch GET 200 https://registry.npmjs.org/send 236ms (cache revalidated)
61 silly packumentCache corgi:https://registry.npmjs.org/send set size:63171 disposed:false
62 silly packumentCache corgi:https://registry.npmjs.org/@expo%2fimage-utils cache-miss
63 http fetch GET 200 https://registry.npmjs.org/@expo%2fimage-utils 133ms (cache revalidated)
64 silly packumentCache corgi:https://registry.npmjs.org/@expo%2fimage-utils set size:230452 disposed:false
65 silly packumentCache corgi:https://registry.npmjs.org/@react-native-community%2fcli-platform-android cache-miss
66 silly packumentCache corgi:https://registry.npmjs.org/@react-native-community%2fcli-platform-ios cache-miss
67 http fetch GET 200 https://registry.npmjs.org/@react-native-community%2fcli-platform-ios 73ms (cache revalidated)
68 silly packumentCache corgi:https://registry.npmjs.org/@react-native-community%2fcli-platform-ios set size:297562 disposed:false
69 http fetch GET 200 https://registry.npmjs.org/@react-native-community%2fcli-platform-android 159ms (cache revalidated)
70 silly packumentCache corgi:https://registry.npmjs.org/@react-native-community%2fcli-platform-android set size:335678 disposed:false
71 silly packumentCache corgi:https://registry.npmjs.org/@react-native-community%2fcli-doctor cache-miss
72 silly packumentCache corgi:https://registry.npmjs.org/@react-native-community%2fcli-hermes cache-miss
73 http fetch GET 200 https://registry.npmjs.org/@react-native-community%2fcli-doctor 303ms (cache revalidated)
74 silly packumentCache corgi:https://registry.npmjs.org/@react-native-community%2fcli-doctor set size:256090 disposed:false
75 http fetch GET 200 https://registry.npmjs.org/@react-native-community%2fcli-hermes 787ms (cache revalidated)
76 silly packumentCache corgi:https://registry.npmjs.org/@react-native-community%2fcli-hermes set size:162123 disposed:false
77 silly packumentCache corgi:https://registry.npmjs.org/@expo%2fcli cache-miss
78 http fetch GET 200 https://registry.npmjs.org/@expo%2fcli 524ms (cache revalidated)
79 silly packumentCache corgi:https://registry.npmjs.org/@expo%2fcli set size:1377818 disposed:false
80 silly packumentCache corgi:https://registry.npmjs.org/cacache cache-miss
81 http fetch GET 200 https://registry.npmjs.org/cacache 36ms (cache revalidated)
82 silly packumentCache corgi:https://registry.npmjs.org/cacache set size:155668 disposed:false
83 silly packumentCache corgi:https://registry.npmjs.org/@expo%2fprebuild-config cache-miss
84 http fetch GET 200 https://registry.npmjs.org/@expo%2fprebuild-config 43ms (cache revalidated)
85 silly packumentCache corgi:https://registry.npmjs.org/@expo%2fprebuild-config set size:321802 disposed:false
86 silly packumentCache corgi:https://registry.npmjs.org/@react-native-community%2fcli cache-miss
87 http fetch GET 200 https://registry.npmjs.org/@react-native-community%2fcli 63ms (cache revalidated)
88 silly packumentCache corgi:https://registry.npmjs.org/@react-native-community%2fcli set size:703320 disposed:false
89 silly packumentCache corgi:https://registry.npmjs.org/expo cache-miss
90 http fetch GET 200 https://registry.npmjs.org/expo 29ms (cache revalidated)
91 silly packumentCache corgi:https://registry.npmjs.org/expo set size:1599940 disposed:false
92 silly packumentCache corgi:https://registry.npmjs.org/react-native cache-miss
93 http fetch GET 200 https://registry.npmjs.org/react-native 64ms (cache revalidated)
94 silly packumentCache corgi:https://registry.npmjs.org/react-native set size:6816700 disposed:false
95 silly packumentCache corgi:https://registry.npmjs.org/expo-constants cache-miss
96 silly packumentCache corgi:https://registry.npmjs.org/expo-file-system cache-miss
97 silly packumentCache corgi:https://registry.npmjs.org/expo-font cache-miss
98 silly packumentCache corgi:https://registry.npmjs.org/expo-keep-awake cache-miss
99 http fetch GET 200 https://registry.npmjs.org/expo-keep-awake 116ms (cache revalidated)
100 silly packumentCache corgi:https://registry.npmjs.org/expo-keep-awake set size:160777 disposed:false
101 http fetch GET 200 https://registry.npmjs.org/expo-constants 117ms (cache revalidated)
102 silly packumentCache corgi:https://registry.npmjs.org/expo-constants set size:243121 disposed:false
103 http fetch GET 200 https://registry.npmjs.org/expo-file-system 118ms (cache revalidated)
104 silly packumentCache corgi:https://registry.npmjs.org/expo-file-system set size:250154 disposed:false
105 http fetch GET 200 https://registry.npmjs.org/expo-font 120ms (cache revalidated)
106 silly packumentCache corgi:https://registry.npmjs.org/expo-font set size:206483 disposed:false
107 silly packumentCache corgi:https://registry.npmjs.org/@expo%2fvector-icons cache-miss
108 silly packumentCache corgi:https://registry.npmjs.org/@react-native%2fvirtualized-lists cache-miss
109 http fetch GET 200 https://registry.npmjs.org/@expo%2fvector-icons 120ms (cache revalidated)
110 silly packumentCache corgi:https://registry.npmjs.org/@expo%2fvector-icons set size:72958 disposed:false
111 http fetch GET 200 https://registry.npmjs.org/@react-native%2fvirtualized-lists 788ms (cache revalidated)
112 silly packumentCache corgi:https://registry.npmjs.org/@react-native%2fvirtualized-lists set size:863966 disposed:false
113 silly ADD node_modules/@types/react-native
114 silly ADD node_modules/@types/react-native/node_modules/@react-native/virtualized-lists
115 silly ADD node_modules/fsevents
116 verbose cwd /Users/yannainghtwe/Documents/creation/social-media-platform/mobile
117 verbose os Darwin 25.2.0
118 verbose node v25.2.1
119 verbose npm  v11.8.0
120 verbose exit 0
121 info ok
